<?xml version="1.0" encoding="UTF-8"?>
<testng-results skipped="0" failed="0" ignored="0" total="2" passed="2">
  <reporter-output>
  </reporter-output>
  <suite name="Test Application" duration-ms="61750" started-at="2019-06-11T18:19:03Z" finished-at="2019-06-11T18:20:05Z">
    <groups>
    </groups>
    <test name="Login Test" duration-ms="48903" started-at="2019-06-11T18:19:03Z" finished-at="2019-06-11T18:19:52Z">
      <class name="testcases.LoginTest">
        <test-method status="PASS" signature="logIn()[pri:0, instance:testcases.LoginTest@2a17b7b6]" name="logIn" duration-ms="48873" started-at="2019-06-11T18:19:03Z" finished-at="2019-06-11T18:19:52Z">
          <reporter-output>
          </reporter-output>
        </test-method> <!-- logIn -->
      </class> <!-- testcases.LoginTest -->
    </test> <!-- Login Test -->
    <test name="Upload Photo Test" duration-ms="12816" started-at="2019-06-11T18:19:52Z" finished-at="2019-06-11T18:20:05Z">
      <class name="testcases.UploadPhotoTest">
        <test-method status="PASS" signature="uploadPhtoto()[pri:0, instance:testcases.UploadPhotoTest@2833cc44]" name="uploadPhtoto" duration-ms="12813" started-at="2019-06-11T18:19:52Z" finished-at="2019-06-11T18:20:05Z">
          <reporter-output>
          </reporter-output>
        </test-method> <!-- uploadPhtoto -->
      </class> <!-- testcases.UploadPhotoTest -->
    </test> <!-- Upload Photo Test -->
  </suite> <!-- Test Application -->
</testng-results>
