<?xml version="1.0" encoding="UTF-8"?>
<!-- Generated by org.testng.reporters.JUnitXMLReporter -->
<testsuite hostname="rajanpc" ignored="0" name="Default test" tests="3" failures="0" timestamp="03 Jun 2019 11:08:20 GMT" time="0.845" errors="0">
  <testcase name="login" time="0.013" classname="TestCases.TestParameterizationExcel_14"/>
  <testcase name="login" time="0.003" classname="TestCases.TestParameterizationExcel_14"/>
  <testcase name="login" time="0.002" classname="TestCases.TestParameterizationExcel_14"/>
</testsuite> <!-- Default test -->
