<?xml version="1.0" encoding="UTF-8"?>
<testng-results skipped="0" failed="0" total="2" passed="2">
  <reporter-output>
  </reporter-output>
  <suite name="Default suite" duration-ms="126" started-at="2016-08-05T04:42:45Z" finished-at="2016-08-05T04:42:45Z">
    <groups>
    </groups>
    <test name="Default test" duration-ms="126" started-at="2016-08-05T04:42:45Z" finished-at="2016-08-05T04:42:45Z">
      <class name="testcases.SampleTestCase">
        <test-method status="PASS" signature="testGenerateApplicationLog()[pri:0, instance:testcases.SampleTestCase@1b604f19]" name="testGenerateApplicationLog" duration-ms="99" started-at="2016-08-05T10:12:45Z" finished-at="2016-08-05T10:12:45Z">
          <reporter-output>
          </reporter-output>
        </test-method> <!-- testGenerateApplicationLog -->
        <test-method status="PASS" signature="testReadPropertiesFile()[pri:0, instance:testcases.SampleTestCase@1b604f19]" name="testReadPropertiesFile" duration-ms="3" started-at="2016-08-05T10:12:45Z" finished-at="2016-08-05T10:12:45Z">
          <reporter-output>
          </reporter-output>
        </test-method> <!-- testReadPropertiesFile -->
      </class> <!-- testcases.SampleTestCase -->
    </test> <!-- Default test -->
  </suite> <!-- Default suite -->
</testng-results>
