<?xml version="1.0" encoding="UTF-8"?>
<testsuite name="TestSuite" time="4.131" tests="3" errors="0" skipped="0" failures="3">
  <properties>
[...]
</properties>
  <testcase name="loginAsBankManager" classname="testcases.BankManagerLoginTest" time="0.273">
    <failure message="Bank Manager test failed forcefully" type="java.lang.AssertionError">java.lang.AssertionError: Bank Manager test failed forcefully
	at org.testng.Assert.fail(Assert.java:96)
	at testcases.BankManagerLoginTest.loginAsBankManager(BankManagerLoginTest.java:13)
</failure>
    <system-out><![CDATA[Successfully connected to MySQL server
]]></system-out>
    <system-err><![CDATA[Loading class `com.mysql.jdbc.Driver'. This is deprecated. The new driver class is `com.mysql.cj.jdbc.Driver'. The driver is automatically registered via the SPI and manual loading of the driver class is generally unnecessary.
SLF4J: Failed to load class "org.slf4j.impl.StaticLoggerBinder".
SLF4J: Defaulting to no-operation (NOP) logger implementation
SLF4J: See http://www.slf4j.org/codes.html#StaticLoggerBinder for further details.
Jun 06, 2019 6:03:04 PM java.util.prefs.WindowsPreferences <init>
WARNING: Could not open/create prefs root node Software\JavaSoft\Prefs at root 0x80000002. Windows RegCreateKeyEx(...) returned error code 5.
Starting ChromeDriver 74.0.3729.6 (255758eccf3d244491b8a1317aa76e1ce10d57e9-refs/branch-heads/3729@{#29}) on port 40898
Only local connections are allowed.
Please protect ports used by ChromeDriver and related test frameworks to prevent access by malicious code.
[1559824389.597][WARNING]: This version of ChromeDriver has not been tested with Chrome version 75.
Jun 06, 2019 6:03:10 PM org.openqa.selenium.remote.ProtocolHandshake createSession
INFO: Detected dialect: OSS
]]></system-err>
  </testcase>
  <testcase name="addCustomer" classname="testcases.AddCustomerTest" time="2.89">
    <failure message="Add customer test failed forcefully" type="java.lang.AssertionError">java.lang.AssertionError: Add customer test failed forcefully
	at org.testng.Assert.fail(Assert.java:96)
	at testcases.AddCustomerTest.addCustomer(AddCustomerTest.java:29)
</failure>
  </testcase>
  <testcase name="openAccountTest" classname="testcases.OpenAccountTest" time="0.968">
    <failure message="Open account test failed forcefully" type="java.lang.AssertionError">java.lang.AssertionError: Open account test failed forcefully
	at org.testng.Assert.fail(Assert.java:96)
	at testcases.OpenAccountTest.openAccountTest(OpenAccountTest.java:24)
</failure>
  </testcase>
</testsuite>