<?xml version="1.0" encoding="UTF-8"?>
<!-- Generated by org.testng.reporters.JUnitXMLReporter -->
<testsuite hostname="rajanpc" ignored="2" name="Test" tests="1" failures="0" timestamp="05 Jun 2019 03:15:27 GMT" time="0.879" errors="0">
  <testcase name="loginAsBankManager" time="0.846" classname="testcases.BankManagerLoginTest"/>
  <testcase name="@BeforeSuite setUp" time="0.0" classname="base.BaseTestClass">
    <ignored/>
  </testcase> <!-- @BeforeSuite setUp -->
  <testcase name="@AfterSuite tearDown" time="0.0" classname="base.BaseTestClass">
    <ignored/>
  </testcase> <!-- @AfterSuite tearDown -->
</testsuite> <!-- Test -->
