<?xml version="1.0" encoding="UTF-8"?>
<testng-results skipped="0" failed="0" ignored="0" total="2" passed="2">
  <reporter-output>
  </reporter-output>
  <suite name="Default suite" duration-ms="2090" started-at="2019-06-04T09:44:10Z" finished-at="2019-06-04T09:44:12Z">
    <groups>
    </groups>
    <test name="Default test" duration-ms="2090" started-at="2019-06-04T09:44:10Z" finished-at="2019-06-04T09:44:12Z">
      <class name="testngparallel.TestNGDataProvider_Parallel_2">
        <test-method status="PASS" signature="launchBrowser()[pri:0, instance:testngparallel.TestNGDataProvider_Parallel_2@91161c7]" name="launchBrowser" is-config="true" duration-ms="5" started-at="2019-06-04T09:44:10Z" finished-at="2019-06-04T09:44:10Z">
          <reporter-output>
          </reporter-output>
        </test-method> <!-- launchBrowser -->
        <test-method status="PASS" signature="launchBrowser()[pri:0, instance:testngparallel.TestNGDataProvider_Parallel_2@91161c7]" name="launchBrowser" is-config="true" duration-ms="5" started-at="2019-06-04T09:44:10Z" finished-at="2019-06-04T09:44:10Z">
          <reporter-output>
          </reporter-output>
        </test-method> <!-- launchBrowser -->
        <test-method status="PASS" signature="Login(java.lang.String, java.lang.String)[pri:0, instance:testngparallel.TestNGDataProvider_Parallel_2@91161c7]" name="Login" duration-ms="2028" started-at="2019-06-04T09:44:10Z" data-provider="getCredentials" finished-at="2019-06-04T09:44:12Z">
          <params>
            <param index="0">
              <value>
                <![CDATA[name2]]>
              </value>
            </param>
            <param index="1">
              <value>
                <![CDATA[pass2]]>
              </value>
            </param>
          </params>
          <reporter-output>
          </reporter-output>
        </test-method> <!-- Login -->
        <test-method status="PASS" signature="Login(java.lang.String, java.lang.String)[pri:0, instance:testngparallel.TestNGDataProvider_Parallel_2@91161c7]" name="Login" duration-ms="2029" started-at="2019-06-04T09:44:10Z" data-provider="getCredentials" finished-at="2019-06-04T09:44:12Z">
          <params>
            <param index="0">
              <value>
                <![CDATA[name1]]>
              </value>
            </param>
            <param index="1">
              <value>
                <![CDATA[pass1]]>
              </value>
            </param>
          </params>
          <reporter-output>
          </reporter-output>
        </test-method> <!-- Login -->
      </class> <!-- testngparallel.TestNGDataProvider_Parallel_2 -->
    </test> <!-- Default test -->
  </suite> <!-- Default suite -->
</testng-results>
