<?xml version="1.0" encoding="UTF-8"?>
<testng-results skipped="0" failed="0" total="2" passed="2">
  <reporter-output>
  </reporter-output>
  <suite name="Suite" duration-ms="35" started-at="2016-07-18T11:25:38Z" finished-at="2016-07-18T11:25:38Z">
    <groups>
    </groups>
    <test name="Test" duration-ms="35" started-at="2016-07-18T11:25:38Z" finished-at="2016-07-18T11:25:38Z">
      <class name="SecondPackage.TestSecondPackageClass">
        <test-method status="PASS" signature="demoTestSecondPackageClass()[pri:0, instance:SecondPackage.TestSecondPackageClass@6574b225]" name="demoTestSecondPackageClass" duration-ms="9" started-at="2016-07-18T16:55:38Z" finished-at="2016-07-18T16:55:38Z">
          <reporter-output>
          </reporter-output>
        </test-method> <!-- demoTestSecondPackageClass -->
      </class> <!-- SecondPackage.TestSecondPackageClass -->
      <class name="FirstPackage.TestFirstPackageClass">
        <test-method status="PASS" signature="demoTestFirstPackageClass()[pri:0, instance:FirstPackage.TestFirstPackageClass@458ad742]" name="demoTestFirstPackageClass" duration-ms="2" started-at="2016-07-18T16:55:38Z" finished-at="2016-07-18T16:55:38Z">
          <reporter-output>
          </reporter-output>
        </test-method> <!-- demoTestFirstPackageClass -->
      </class> <!-- FirstPackage.TestFirstPackageClass -->
    </test> <!-- Test -->
  </suite> <!-- Suite -->
</testng-results>
