<?xml version="1.0" encoding="UTF-8"?>
<!-- Generated by org.testng.reporters.JUnitXMLReporter -->
<testsuite hostname="rajanpc" ignored="0" name="Test" tests="10" failures="0" timestamp="04 Jun 2019 09:51:43 GMT" time="0.605" errors="0">
  <testcase name="TestFooter" time="0.007" classname="TestCases.TestAnno_1"/>
  <testcase name="TestHeade" time="0.001" classname="TestCases.TestAnno_1"/>
  <testcase name="TestNumberOfLinks" time="0.002" classname="TestCases.TestAnno_1"/>
  <testcase name="TestTitle" time="0.001" classname="TestCases.TestAnno_1"/>
  <testcase name="login" time="0.001" classname="TestCases.TestParameterization_12"/>
  <testcase name="login" time="0.001" classname="TestCases.TestParameterization_12"/>
  <testcase name="login" time="0.001" classname="TestCases.TestParameterization_12"/>
  <testcase name="login" time="0.002" classname="TestCases.TestParameterizationExcel_14"/>
  <testcase name="login" time="0.002" classname="TestCases.TestParameterizationExcel_14"/>
  <testcase name="login" time="0.001" classname="TestCases.TestParameterizationExcel_14"/>
</testsuite> <!-- Test -->
