<?xml version="1.0" encoding="UTF-8"?>
<!-- Generated by org.testng.reporters.JUnitXMLReporter -->
<testsuite hostname="DESKTOP-3SL4LUB" ignored="0" name="Dependency Test" tests="3" failures="1" timestamp="14 Apr 2019 06:21:16 GMT" time="0.025" errors="0">
  <testcase name="doUserReg" time="0.002" classname="testnglearning.Case3">
    <failure type="java.lang.AssertionError" message="User not registered successfully">
      <![CDATA[java.lang.AssertionError: User not registered successfully
at testnglearning.Case3.doUserReg(Case3.java:15)
... Removed 26 stack frames]]>
    </failure>
  </testcase> <!-- doUserReg -->
  <testcase name="doLogin" time="0.0" classname="testnglearning.Case3">
    <skipped/>
  </testcase> <!-- doLogin -->
  <testcase name="isSkip" time="0.003" classname="testnglearning.Case3">
    <skipped/>
  </testcase> <!-- isSkip -->
</testsuite> <!-- Dependency Test -->
