<?xml version="1.0" encoding="UTF-8"?>
<!-- Generated by org.testng.reporters.JUnitXMLReporter -->
<testsuite hostname="rajanpc" name="TestSecondModule" tests="11" failures="2" timestamp="18 Jul 2016 11:02:23 GMT" time="0.047" errors="0">
  <testcase name="testRegistration" time="0.001" classname="DemoTestCases.DemoTestCase4"/>
  <testcase name="testLogin" time="0.001" classname="DemoTestCases.DemoTestCase4"/>
  <testcase name="isSignUpButtonVisible" time="0.003" classname="DemoTestCases.DemoTestCase5"/>
  <testcase name="isWebGuiVisible" time="0.001" classname="DemoTestCases.DemoTestCase5"/>
  <testcase name="isRegistrationGUIVisible" time="0.001" classname="DemoTestCases.DemoTestCase5"/>
  <testcase name="testRegistration" time="0.001" classname="DemoTestCases.DemoTestCase5"/>
  <testcase name="testLogin" time="0.002" classname="DemoTestCases.DemoTestCase5"/>
  <testcase name="demoFailAnotherTest" time="0.003" classname="DemoTestCases.DemoTestCase6">
    <failure type="java.lang.AssertionError" message="DemoTestCase6=&amp;gt;It has been failed, because condition is not met expected [true] but found [false]">
      <![CDATA[java.lang.AssertionError: DemoTestCase6=>It has been failed, because condition is not met expected [true] but found [false]
	at DemoTestCases.DemoTestCase6.demoFailAnotherTest(DemoTestCase6.java:39)
... Removed 28 stack frames]]>
    </failure>
  </testcase> <!-- demoFailAnotherTest -->
  <testcase name="demoFailTest" time="0.001" classname="DemoTestCases.DemoTestCase6">
    <failure type="java.lang.AssertionError" message="expected [DemoTestCase6_bye] but found [DemoTestCase6_hello]">
      <![CDATA[java.lang.AssertionError: expected [DemoTestCase6_bye] but found [DemoTestCase6_hello]
	at DemoTestCases.DemoTestCase6.demoFailTest(DemoTestCase6.java:27)
... Removed 31 stack frames]]>
    </failure>
  </testcase> <!-- demoFailTest -->
  <testcase name="demoPassTest" time="0.001" classname="DemoTestCases.DemoTestCase6"/>
  <testcase name="demoSkipTest" time="0.002" classname="DemoTestCases.DemoTestCase6">
    <skipped/>
  </testcase> <!-- demoSkipTest -->
</testsuite> <!-- TestSecondModule -->
