<?xml version="1.0" encoding="UTF-8"?>
<!-- Generated by org.testng.reporters.JUnitXMLReporter -->
<testsuite hostname="rajanpc" name="TestFirstModule" tests="6" failures="0" timestamp="18 Jul 2016 11:02:23 GMT" time="0.055" errors="0">
  <testcase name="testLogin" time="0.011" classname="DemoTestCases.DemoTestCase1"/>
  <testcase name="testRegistration" time="0.001" classname="DemoTestCases.DemoTestCase1"/>
  <testcase name="testRegistration" time="0.002" classname="DemoTestCases.DemoTestCase2"/>
  <testcase name="testLogin" time="0.001" classname="DemoTestCases.DemoTestCase2"/>
  <testcase name="testRegistration" time="0.002" classname="DemoTestCases.DemoTestCase3"/>
  <testcase name="testLogin" time="0.002" classname="DemoTestCases.DemoTestCase3"/>
</testsuite> <!-- TestFirstModule -->
