<?xml version="1.0" encoding="UTF-8"?>
<!-- Generated by org.testng.reporters.JUnitXMLReporter -->
<testsuite hostname="DESKTOP-3SL4LUB" ignored="0" name="Add Customer Test" tests="1" failures="1" timestamp="21 Apr 2019 05:37:41 GMT" time="3.612" errors="0">
  <testcase name="addCustomer" time="3.088" classname="testcases.AddCustomerTest">
    <failure type="java.lang.AssertionError" message="Add Customer Test Failed">
      <![CDATA[java.lang.AssertionError: Add Customer Test Failed
at testcases.AddCustomerTest.addCustomer(AddCustomerTest.java:29)
... Removed 29 stack frames]]>
    </failure>
  </testcase> <!-- addCustomer -->
</testsuite> <!-- Add Customer Test -->
