<?xml version="1.0" encoding="UTF-8"?>
<!-- Generated by org.testng.reporters.JUnitXMLReporter -->
<testsuite hostname="DESKTOP-3SL4LUB" ignored="0" name="Bank Manager Login Test" tests="1" failures="1" timestamp="21 Apr 2019 05:37:38 GMT" time="0.912" errors="0">
  <testcase name="loginAsBankManager" time="0.453" classname="testcases.BankManagerLoginTest">
    <failure type="java.lang.AssertionError" message="Bank Manager Login Test Failed">
      <![CDATA[java.lang.AssertionError: Bank Manager Login Test Failed
at testcases.BankManagerLoginTest.loginAsBankManager(BankManagerLoginTest.java:18)
... Removed 29 stack frames]]>
    </failure>
  </testcase> <!-- loginAsBankManager -->
</testsuite> <!-- Bank Manager Login Test -->
