<?xml version="1.0" encoding="UTF-8"?>
<testng-results skipped="0" failed="0" ignored="0" total="10" passed="10">
  <reporter-output>
  </reporter-output>
  <suite name="Suite" duration-ms="605" started-at="2019-06-04T09:51:42Z" finished-at="2019-06-04T09:51:43Z">
    <groups>
    </groups>
    <test name="Test" duration-ms="605" started-at="2019-06-04T09:51:42Z" finished-at="2019-06-04T09:51:43Z">
      <class name="TestCases.TestAnno_1">
        <test-method status="PASS" signature="TestFooter()[pri:0, instance:TestCases.TestAnno_1@7d9d1a19]" name="TestFooter" duration-ms="7" started-at="2019-06-04T09:51:42Z" finished-at="2019-06-04T09:51:42Z">
          <reporter-output>
          </reporter-output>
        </test-method> <!-- TestFooter -->
        <test-method status="PASS" signature="TestHeade()[pri:0, instance:TestCases.TestAnno_1@7d9d1a19]" name="TestHeade" duration-ms="1" started-at="2019-06-04T09:51:42Z" finished-at="2019-06-04T09:51:42Z">
          <reporter-output>
          </reporter-output>
        </test-method> <!-- TestHeade -->
        <test-method status="PASS" signature="TestNumberOfLinks()[pri:0, instance:TestCases.TestAnno_1@7d9d1a19]" name="TestNumberOfLinks" duration-ms="2" started-at="2019-06-04T09:51:42Z" finished-at="2019-06-04T09:51:42Z">
          <reporter-output>
          </reporter-output>
        </test-method> <!-- TestNumberOfLinks -->
        <test-method status="PASS" signature="TestTitle()[pri:0, instance:TestCases.TestAnno_1@7d9d1a19]" name="TestTitle" duration-ms="1" started-at="2019-06-04T09:51:42Z" finished-at="2019-06-04T09:51:42Z">
          <reporter-output>
          </reporter-output>
        </test-method> <!-- TestTitle -->
      </class> <!-- TestCases.TestAnno_1 -->
      <class name="TestCases.TestParameterizationExcel_14">
        <test-method status="PASS" signature="login(java.lang.String, java.lang.String)[pri:0, instance:TestCases.TestParameterizationExcel_14@42e26948]" name="login" duration-ms="2" started-at="2019-06-04T09:51:43Z" data-provider="getCredentials" finished-at="2019-06-04T09:51:43Z">
          <params>
            <param index="0">
              <value>
                <![CDATA[username1@gmail.com]]>
              </value>
            </param>
            <param index="1">
              <value>
                <![CDATA[password1]]>
              </value>
            </param>
          </params>
          <reporter-output>
          </reporter-output>
        </test-method> <!-- login -->
        <test-method status="PASS" signature="login(java.lang.String, java.lang.String)[pri:0, instance:TestCases.TestParameterizationExcel_14@42e26948]" name="login" duration-ms="2" started-at="2019-06-04T09:51:43Z" data-provider="getCredentials" finished-at="2019-06-04T09:51:43Z">
          <params>
            <param index="0">
              <value>
                <![CDATA[username2@gmail.com]]>
              </value>
            </param>
            <param index="1">
              <value>
                <![CDATA[password2]]>
              </value>
            </param>
          </params>
          <reporter-output>
          </reporter-output>
        </test-method> <!-- login -->
        <test-method status="PASS" signature="login(java.lang.String, java.lang.String)[pri:0, instance:TestCases.TestParameterizationExcel_14@42e26948]" name="login" duration-ms="1" started-at="2019-06-04T09:51:43Z" data-provider="getCredentials" finished-at="2019-06-04T09:51:43Z">
          <params>
            <param index="0">
              <value>
                <![CDATA[username3@gmail.com]]>
              </value>
            </param>
            <param index="1">
              <value>
                <![CDATA[password3]]>
              </value>
            </param>
          </params>
          <reporter-output>
          </reporter-output>
        </test-method> <!-- login -->
      </class> <!-- TestCases.TestParameterizationExcel_14 -->
      <class name="TestCases.TestParameterization_12">
        <test-method status="PASS" signature="login(java.lang.String, java.lang.String)[pri:0, instance:TestCases.TestParameterization_12@1794d431]" name="login" duration-ms="1" started-at="2019-06-04T09:51:42Z" data-provider="getCredentials" finished-at="2019-06-04T09:51:42Z">
          <params>
            <param index="0">
              <value>
                <![CDATA[username1]]>
              </value>
            </param>
            <param index="1">
              <value>
                <![CDATA[password1]]>
              </value>
            </param>
          </params>
          <reporter-output>
          </reporter-output>
        </test-method> <!-- login -->
        <test-method status="PASS" signature="login(java.lang.String, java.lang.String)[pri:0, instance:TestCases.TestParameterization_12@1794d431]" name="login" duration-ms="1" started-at="2019-06-04T09:51:43Z" data-provider="getCredentials" finished-at="2019-06-04T09:51:43Z">
          <params>
            <param index="0">
              <value>
                <![CDATA[username2]]>
              </value>
            </param>
            <param index="1">
              <value>
                <![CDATA[password2]]>
              </value>
            </param>
          </params>
          <reporter-output>
          </reporter-output>
        </test-method> <!-- login -->
        <test-method status="PASS" signature="login(java.lang.String, java.lang.String)[pri:0, instance:TestCases.TestParameterization_12@1794d431]" name="login" duration-ms="1" started-at="2019-06-04T09:51:43Z" data-provider="getCredentials" finished-at="2019-06-04T09:51:43Z">
          <params>
            <param index="0">
              <value>
                <![CDATA[username3]]>
              </value>
            </param>
            <param index="1">
              <value>
                <![CDATA[password3]]>
              </value>
            </param>
          </params>
          <reporter-output>
          </reporter-output>
        </test-method> <!-- login -->
      </class> <!-- TestCases.TestParameterization_12 -->
      <class name="TestCases.TestAssertEquals_6">
        <test-method status="PASS" signature="SetDBConnection()[pri:0, instance:TestCases.TestAssertEquals_6@5622fdf]" name="SetDBConnection" is-config="true" duration-ms="11" started-at="2019-06-04T09:51:42Z" finished-at="2019-06-04T09:51:42Z">
          <reporter-output>
          </reporter-output>
        </test-method> <!-- SetDBConnection -->
        <test-method status="PASS" signature="SetDBConnection()[pri:0, instance:TestCases.TestAssertTrue_7@7cd62f43]" name="SetDBConnection" is-config="true" duration-ms="1" started-at="2019-06-04T09:51:42Z" finished-at="2019-06-04T09:51:42Z">
          <reporter-output>
          </reporter-output>
        </test-method> <!-- SetDBConnection -->
        <test-method status="PASS" signature="SetDBConnection()[pri:0, instance:TestCases.TestBeforeAfterAllTestCases_4@4883b407]" name="SetDBConnection" is-config="true" duration-ms="0" started-at="2019-06-04T09:51:42Z" finished-at="2019-06-04T09:51:42Z">
          <reporter-output>
          </reporter-output>
        </test-method> <!-- SetDBConnection -->
        <test-method status="PASS" signature="SetDBConnection()[pri:0, instance:TestCases.TestForceFullyFail_5@6093dd95]" name="SetDBConnection" is-config="true" duration-ms="0" started-at="2019-06-04T09:51:42Z" finished-at="2019-06-04T09:51:42Z">
          <reporter-output>
          </reporter-output>
        </test-method> <!-- SetDBConnection -->
        <test-method status="PASS" signature="SetDBConnection()[pri:0, instance:TestCases.TestMultipleAssertionTestCase_8@6d4b1c02]" name="SetDBConnection" is-config="true" duration-ms="0" started-at="2019-06-04T09:51:42Z" finished-at="2019-06-04T09:51:42Z">
          <reporter-output>
          </reporter-output>
        </test-method> <!-- SetDBConnection -->
        <test-method status="PASS" signature="CloseDBConnection()[pri:0, instance:TestCases.TestAssertTrue_7@7cd62f43]" name="CloseDBConnection" is-config="true" duration-ms="1" started-at="2019-06-04T09:51:43Z" finished-at="2019-06-04T09:51:43Z">
          <reporter-output>
          </reporter-output>
        </test-method> <!-- CloseDBConnection -->
        <test-method status="PASS" signature="CloseDBConnection()[pri:0, instance:TestCases.TestAssertEquals_6@5622fdf]" name="CloseDBConnection" is-config="true" duration-ms="0" started-at="2019-06-04T09:51:43Z" finished-at="2019-06-04T09:51:43Z">
          <reporter-output>
          </reporter-output>
        </test-method> <!-- CloseDBConnection -->
        <test-method status="PASS" signature="CloseDBConnection()[pri:0, instance:TestCases.TestForceFullyFail_5@6093dd95]" name="CloseDBConnection" is-config="true" duration-ms="0" started-at="2019-06-04T09:51:43Z" finished-at="2019-06-04T09:51:43Z">
          <reporter-output>
          </reporter-output>
        </test-method> <!-- CloseDBConnection -->
        <test-method status="PASS" signature="CloseDBConnection()[pri:0, instance:TestCases.TestBeforeAfterAllTestCases_4@4883b407]" name="CloseDBConnection" is-config="true" duration-ms="0" started-at="2019-06-04T09:51:43Z" finished-at="2019-06-04T09:51:43Z">
          <reporter-output>
          </reporter-output>
        </test-method> <!-- CloseDBConnection -->
        <test-method status="PASS" signature="CloseDBConnection()[pri:0, instance:TestCases.TestMultipleAssertionTestCase_8@6d4b1c02]" name="CloseDBConnection" is-config="true" duration-ms="0" started-at="2019-06-04T09:51:43Z" finished-at="2019-06-04T09:51:43Z">
          <reporter-output>
          </reporter-output>
        </test-method> <!-- CloseDBConnection -->
      </class> <!-- TestCases.TestAssertEquals_6 -->
    </test> <!-- Test -->
  </suite> <!-- Suite -->
</testng-results>
