<?xml version="1.0" encoding="UTF-8"?>
<!-- Generated by org.testng.reporters.JUnitXMLReporter -->
<testsuite hostname="rajanpc" ignored="0" name="Add Customer Test" tests="1" failures="1" timestamp="06 Jun 2019 12:33:30 GMT" time="3.358" errors="0">
  <testcase name="addCustomer" time="2.888" classname="testcases.AddCustomerTest">
    <failure type="java.lang.AssertionError" message="Add customer test failed forcefully">
      <![CDATA[java.lang.AssertionError: Add customer test failed forcefully
at testcases.AddCustomerTest.addCustomer(AddCustomerTest.java:29)
... Removed 29 stack frames]]>
    </failure>
  </testcase> <!-- addCustomer -->
</testsuite> <!-- Add Customer Test -->
