<?xml version="1.0" encoding="UTF-8"?>
<!-- Generated by org.testng.reporters.JUnitXMLReporter -->
<testsuite hostname="rajanpc" ignored="0" name="Bank Manager Login Test" tests="1" failures="1" timestamp="06 Jun 2019 12:33:26 GMT" time="0.757" errors="0">
  <testcase name="loginAsBankManager" time="0.267" classname="testcases.BankManagerLoginTest">
    <failure type="java.lang.AssertionError" message="Bank Manager test failed forcefully">
      <![CDATA[java.lang.AssertionError: Bank Manager test failed forcefully
at testcases.BankManagerLoginTest.loginAsBankManager(BankManagerLoginTest.java:13)
... Removed 29 stack frames]]>
    </failure>
  </testcase> <!-- loginAsBankManager -->
</testsuite> <!-- Bank Manager Login Test -->
