<?xml version="1.0" encoding="UTF-8"?>
<testsuite name="TestSuite" time="6.44" tests="3" errors="0" skipped="0" failures="3">
  <properties>
[...]
</properties>
  <testcase name="loginAsBankManager" classname="testcases.BankManagerLoginTest" time="0.461">
    <failure message="Bank Manager Login Test Failed" type="java.lang.AssertionError">java.lang.AssertionError: Bank Manager Login Test Failed
	at org.testng.Assert.fail(Assert.java:96)
	at testcases.BankManagerLoginTest.loginAsBankManager(BankManagerLoginTest.java:18)
</failure>
    <system-out><![CDATA[Successfully connected to MySQL server
]]></system-out>
    <system-err><![CDATA[SLF4J: Failed to load class "org.slf4j.impl.StaticLoggerBinder".
SLF4J: Defaulting to no-operation (NOP) logger implementation
SLF4J: See http://www.slf4j.org/codes.html#StaticLoggerBinder for further details.
Apr 21, 2019 11:06:58 AM java.util.prefs.WindowsPreferences <init>
WARNING: Could not open/create prefs root node Software\JavaSoft\Prefs at root 0x80000002. Windows RegCreateKeyEx(...) returned error code 5.
Starting ChromeDriver 2.46.628402 (536cd7adbad73a3783fdc2cab92ab2ba7ec361e1) on port 41523
Only local connections are allowed.
Please protect ports used by ChromeDriver and related test frameworks to prevent access by malicious code.
Apr 21, 2019 11:07:06 AM org.openqa.selenium.remote.ProtocolHandshake createSession
INFO: Detected dialect: OSS
Loading class `com.mysql.jdbc.Driver'. This is deprecated. The new driver class is `com.mysql.cj.jdbc.Driver'. The driver is automatically registered via the SPI and manual loading of the driver class is generally unnecessary.
]]></system-err>
  </testcase>
  <testcase name="addCustomer" classname="testcases.AddCustomerTest" time="3.086">
    <failure message="Add Customer Test Failed" type="java.lang.AssertionError">java.lang.AssertionError: Add Customer Test Failed
	at org.testng.Assert.fail(Assert.java:96)
	at testcases.AddCustomerTest.addCustomer(AddCustomerTest.java:29)
</failure>
  </testcase>
  <testcase name="openAccount" classname="testcases.OpenAccountTest" time="2.893">
    <failure message="Open Account Test Failed" type="java.lang.AssertionError">java.lang.AssertionError: Open Account Test Failed
	at org.testng.Assert.fail(Assert.java:96)
	at testcases.OpenAccountTest.openAccount(OpenAccountTest.java:28)
</failure>
  </testcase>
</testsuite>